<?xml version="1.0" encoding="utf-8" standalone="no"?>
<test-run start-time="2020-04-21 18:16:56Z">
  <command-line><![CDATA["C:\Users\wchipchase\Source\repos\JPAutomation\AutomationTests\packages\ReportUnit.1.2.1\tools\nunit3-console.exe" C:\Users\wchipchase\Source\repos\JPAutomation\AutomationTests\AutomationTests\bin\Debug\AutomationTests.exe]]></command-line>
</test-run>