<?xml version="1.0" encoding="utf-8" standalone="no"?>
<test-run id="0" runstate="Runnable" testcasecount="27" result="Failed" total="1" passed="0" failed="1" inconclusive="0" skipped="0" asserts="0" engine-version="3.11.1.0" clr-version="4.0.30319.42000" start-time="2020-07-31 20:14:52Z" end-time="2020-07-31 20:15:04Z" duration="11.940428">
  <command-line><![CDATA[.\nunit3-console.exe  "C:\Users\jcrocker\Source\Repos\JPAutomation\AutomationTests\AutomationTests\bin\Debug\AutomationTests.exe" --testparam testEnvironment=STG --testparam browser=IE --test AutomationTests.nsanet.com.AroEntryTest.AROEntry_AU --labels=BeforeAndAfter]]></command-line>
  <filter>
    <test>AutomationTests.nsanet.com.AroEntryTest.AROEntry_AU</test>
  </filter>
  <test-suite type="Assembly" id="0-1039" name="AutomationTests.exe" fullname="C:\Users\jcrocker\Source\Repos\JPAutomation\AutomationTests\AutomationTests\bin\Debug\AutomationTests.exe" runstate="Runnable" testcasecount="27" result="Failed" site="Child" start-time="2020-07-31 20:14:53Z" end-time="2020-07-31 20:15:04Z" duration="11.545424" total="1" passed="0" failed="1" warnings="0" inconclusive="0" skipped="0" asserts="0">
    <environment framework-version="3.12.0.0" clr-version="4.0.30319.42000" os-version="Microsoft Windows NT 10.0.17763.0" platform="Win32NT" cwd="C:\Users\jcrocker\source\repos\JPAutomation\AutomationTests\packages\NUnit.ConsoleRunner.3.11.1\tools" machine-name="MEM-IT-LT07" user="jcrocker" user-domain="NSANET" culture="en-US" uiculture="en-US" os-architecture="x86" />
    <settings>
      <setting name="DisposeRunners" value="True" />
      <setting name="WorkDirectory" value="C:\Users\jcrocker\source\repos\JPAutomation\AutomationTests\packages\NUnit.ConsoleRunner.3.11.1\tools" />
      <setting name="TestParametersDictionary" value="[testEnvironment, STG], [browser, IE]">
        <item key="testEnvironment" value="STG" />
        <item key="browser" value="IE" />
      </setting>
      <setting name="TestParameters" value="testEnvironment=STG;browser=IE" />
      <setting name="ImageRuntimeVersion" value="4.0.30319" />
      <setting name="ImageTargetFrameworkName" value=".NETFramework,Version=v4.5.2" />
      <setting name="ImageRequiresX86" value="True" />
      <setting name="RunAsX86" value="True" />
      <setting name="ImageRequiresDefaultAppDomainAssemblyResolver" value="False" />
      <setting name="RuntimeFramework" value="net-4.0" />
      <setting name="NumberOfTestWorkers" value="12" />
    </settings>
    <properties>
      <property name="_PID" value="37236" />
      <property name="_APPDOMAIN" value="domain-" />
    </properties>
    <failure>
      <message><![CDATA[One or more child tests had errors]]></message>
    </failure>
    <test-suite type="TestSuite" id="0-1040" name="AutomationTests" fullname="AutomationTests" runstate="Runnable" testcasecount="27" result="Failed" site="Child" start-time="2020-07-31 20:14:53Z" end-time="2020-07-31 20:15:04Z" duration="11.533919" total="1" passed="0" failed="1" warnings="0" inconclusive="0" skipped="0" asserts="0">
      <failure>
        <message><![CDATA[One or more child tests had errors]]></message>
      </failure>
      <test-suite type="TestSuite" id="0-1049" name="nsanet" fullname="AutomationTests.nsanet" runstate="Runnable" testcasecount="10" result="Failed" site="Child" start-time="2020-07-31 20:14:53Z" end-time="2020-07-31 20:15:04Z" duration="11.533668" total="1" passed="0" failed="1" warnings="0" inconclusive="0" skipped="0" asserts="0">
        <failure>
          <message><![CDATA[One or more child tests had errors]]></message>
        </failure>
        <test-suite type="TestSuite" id="0-1050" name="com" fullname="AutomationTests.nsanet.com" runstate="Runnable" testcasecount="10" result="Failed" site="Child" start-time="2020-07-31 20:14:53Z" end-time="2020-07-31 20:15:04Z" duration="11.533659" total="1" passed="0" failed="1" warnings="0" inconclusive="0" skipped="0" asserts="0">
          <failure>
            <message><![CDATA[One or more child tests had errors]]></message>
          </failure>
          <test-suite type="TestFixture" id="0-1030" name="AroEntryTest" fullname="AutomationTests.nsanet.com.AroEntryTest" classname="AutomationTests.nsanet.com.AroEntryTest" runstate="Runnable" testcasecount="3" result="Failed" site="Child" start-time="2020-07-31 20:14:53Z" end-time="2020-07-31 20:15:04Z" duration="11.531929" total="1" passed="0" failed="1" warnings="0" inconclusive="0" skipped="0" asserts="0">
            <failure>
              <message><![CDATA[One or more child tests had errors]]></message>
            </failure>
            <test-suite type="ParameterizedMethod" id="0-1034" name="AROEntry_AU" fullname="AutomationTests.nsanet.com.AroEntryTest.AROEntry_AU" classname="AutomationTests.nsanet.com.AroEntryTest" runstate="Runnable" testcasecount="1" result="Failed" site="Child" start-time="2020-07-31 20:14:53Z" end-time="2020-07-31 20:15:04Z" duration="11.518174" total="1" passed="0" failed="1" warnings="0" inconclusive="0" skipped="0" asserts="0">
              <properties>
                <property name="Category" value="LegacyRegression" />
                <property name="Category" value="AROEntry" />
                <property name="Description" value="Create AU ARO on NSANet Aro Entry" />
                <property name="Repeat" value="1" />
              </properties>
              <failure>
                <message><![CDATA[One or more child tests had errors]]></message>
              </failure>
              <test-case id="0-1033" name="AROEntry_AU" fullname="AutomationTests.nsanet.com.AroEntryTest.AROEntry_AU" methodname="AROEntry_AU" classname="AutomationTests.nsanet.com.AroEntryTest" runstate="Runnable" seed="165179815" result="Failed" label="Error" start-time="2020-07-31 20:14:53Z" end-time="2020-07-31 20:15:04Z" duration="11.515227" asserts="0">
                <failure>
                  <message><![CDATA[OpenQA.Selenium.NoSuchElementException : Could not find element by: By.CssSelector: select[name='country']]]></message>
                  <stack-trace><![CDATA[   at OpenQA.Selenium.Support.PageObjects.DefaultElementLocator.LocateElement(IEnumerable`1 bys)
   at OpenQA.Selenium.Support.PageObjects.WebElementProxy.get_Element()
   at OpenQA.Selenium.Support.PageObjects.WebElementProxy.Invoke(IMessage msg)
   at System.Runtime.Remoting.Proxies.RealProxy.PrivateInvoke(MessageData& msgData, Int32 type)
   at OpenQA.Selenium.IWebElement.get_TagName()
   at OpenQA.Selenium.Support.UI.SelectElement..ctor(IWebElement element)
   at AutomationTests.PageObjects.nsanet.com.AroEntryPage.InitiateNewAro(String countryPrefix) in C:\Users\jcrocker\Source\Repos\JPAutomation\AutomationTests\AutomationTests\PageObjects\nsanet.com\AroEntryPage.cs:line 113
   at AutomationTests.nsanet.com.AroEntryTest.AROEntry_AU() in C:\Users\jcrocker\Source\Repos\JPAutomation\AutomationTests\AutomationTests\Tests\NSA Net\AroEntryTest.cs:line 106]]></stack-trace>
                </failure>
              </test-case>
            </test-suite>
          </test-suite>
        </test-suite>
      </test-suite>
    </test-suite>
  </test-suite>
</test-run>