<?xml version="1.0" encoding="utf-8" standalone="no"?>
<test-run start-time="2020-06-23 19:14:15Z">
  <command-line><![CDATA["C:\Users\jcrocker\source\repos\JPAutomation\AutomationTests\packages\NUnit.ConsoleRunner.3.11.1\tools\nunit3-console.exe" C:\Users\jcrocker\Source\Repos\JPAutomation\AutomationTests\AutomationTests\bin\Debug\AutomationTests.exe --where cat=='Regression2']]></command-line>
</test-run>