<?xml version="1.0" encoding="utf-8" standalone="no"?>
<test-run start-time="2020-07-06 21:50:34Z">
  <command-line><![CDATA["C:\Users\jcrocker\source\repos\JPAutomation\AutomationTests\packages\NUnit.ConsoleRunner.3.11.1\tools\nunit3-console.exe" C:\Users\jcrocker\Source\Repos\JPAutomation\AutomationTests\AutomationTests\bin\Debug\AutomationTests.exe]]></command-line>
</test-run>