<?xml version="1.0" encoding="utf-8" standalone="no"?>
<test-run id="2" testcasecount="9" result="Passed" total="9" passed="9" failed="0" inconclusive="0" skipped="0" asserts="11" engine-version="3.10.0.0" clr-version="4.0.30319.42000" start-time="2020-02-10 20:46:56Z" end-time="2020-02-10 20:50:56Z" duration="239.913515">
  <command-line><![CDATA["C:\Users\wchip\source\repos\AutomationTests\packages\NUnit.ConsoleRunner.3.10.0\tools\nunit3-console.exe" C:\Users\wchip\source\repos\AutomationTests\AutomationTests\bin\Debug\AutomationTests.exe]]></command-line>
  <test-suite type="Assembly" id="0-1010" name="AutomationTests.exe" fullname="C:\Users\wchip\source\repos\AutomationTests\AutomationTests\bin\Debug\AutomationTests.exe" runstate="Runnable" testcasecount="9" result="Passed" start-time="2020-02-10 20:46:56Z" end-time="2020-02-10 20:50:56Z" duration="239.464219" total="9" passed="9" failed="0" warnings="0" inconclusive="0" skipped="0" asserts="11">
    <environment framework-version="3.12.0.0" clr-version="4.0.30319.42000" os-version="Microsoft Windows NT 10.0.18362.0" platform="Win32NT" cwd="C:\Users\wchip\source\repos\AutomationTests\packages\NUnit.ConsoleRunner.3.10.0\tools" machine-name="MSI" user="wchip" user-domain="MSI" culture="en-US" uiculture="en-US" os-architecture="x86" />
    <settings>
      <setting name="DisposeRunners" value="True" />
      <setting name="WorkDirectory" value="C:\Users\wchip\source\repos\AutomationTests\packages\NUnit.ConsoleRunner.3.10.0\tools" />
      <setting name="ImageRuntimeVersion" value="4.0.30319" />
      <setting name="ImageTargetFrameworkName" value=".NETFramework,Version=v4.5.2" />
      <setting name="ImageRequiresX86" value="True" />
      <setting name="RunAsX86" value="True" />
      <setting name="ImageRequiresDefaultAppDomainAssemblyResolver" value="False" />
      <setting name="NumberOfTestWorkers" value="8" />
    </settings>
    <properties>
      <property name="_PID" value="34576" />
      <property name="_APPDOMAIN" value="domain-" />
    </properties>
    <test-suite type="TestSuite" id="0-1011" name="AutomationTests" fullname="AutomationTests" runstate="Runnable" testcasecount="9" result="Passed" start-time="2020-02-10 20:46:56Z" end-time="2020-02-10 20:50:56Z" duration="239.448706" total="9" passed="9" failed="0" warnings="0" inconclusive="0" skipped="0" asserts="11">
      <test-suite type="TestFixture" id="0-1000" name="EntryPoint" fullname="AutomationTests.EntryPoint" classname="AutomationTests.EntryPoint" runstate="Runnable" testcasecount="9" result="Passed" start-time="2020-02-10 20:46:56Z" end-time="2020-02-10 20:50:56Z" duration="239.445207" total="9" passed="9" failed="0" warnings="0" inconclusive="0" skipped="0" asserts="11">
        <test-case id="0-1001" name="SignUpNewUser" fullname="AutomationTests.EntryPoint.SignUpNewUser" methodname="SignUpNewUser" classname="AutomationTests.EntryPoint" runstate="Runnable" seed="1782198653" result="Passed" start-time="2020-02-10 20:46:56Z" end-time="2020-02-10 20:47:17Z" duration="20.551568" asserts="0">
          <properties>
            <property name="Order" value="1" />
          </properties>
        </test-case>
        <test-case id="0-1002" name="LoginToApp" fullname="AutomationTests.EntryPoint.LoginToApp" methodname="LoginToApp" classname="AutomationTests.EntryPoint" runstate="Runnable" seed="719138157" result="Passed" start-time="2020-02-10 20:47:17Z" end-time="2020-02-10 20:47:34Z" duration="17.320661" asserts="0">
          <properties>
            <property name="Order" value="2" />
          </properties>
        </test-case>
        <test-case id="0-1003" name="NavigationBarTest" fullname="AutomationTests.EntryPoint.NavigationBarTest" methodname="NavigationBarTest" classname="AutomationTests.EntryPoint" runstate="Runnable" seed="1957312627" result="Passed" start-time="2020-02-10 20:47:34Z" end-time="2020-02-10 20:48:03Z" duration="28.499725" asserts="5">
          <properties>
            <property name="Order" value="3" />
          </properties>
        </test-case>
        <test-case id="0-1004" name="AddNewEmployee" fullname="AutomationTests.EntryPoint.AddNewEmployee" methodname="AddNewEmployee" classname="AutomationTests.EntryPoint" runstate="Runnable" seed="1327399960" result="Passed" start-time="2020-02-10 20:48:03Z" end-time="2020-02-10 20:48:38Z" duration="35.833140" asserts="1">
          <properties>
            <property name="Order" value="4" />
          </properties>
        </test-case>
        <test-case id="0-1005" name="EditEmployee" fullname="AutomationTests.EntryPoint.EditEmployee" methodname="EditEmployee" classname="AutomationTests.EntryPoint" runstate="Runnable" seed="1023554666" result="Passed" start-time="2020-02-10 20:48:38Z" end-time="2020-02-10 20:49:04Z" duration="25.747710" asserts="1">
          <properties>
            <property name="Order" value="5" />
          </properties>
        </test-case>
        <test-case id="0-1006" name="DeleteEmployee" fullname="AutomationTests.EntryPoint.DeleteEmployee" methodname="DeleteEmployee" classname="AutomationTests.EntryPoint" runstate="Runnable" seed="622132665" result="Passed" start-time="2020-02-10 20:49:04Z" end-time="2020-02-10 20:49:32Z" duration="28.102267" asserts="1">
          <properties>
            <property name="Order" value="6" />
          </properties>
        </test-case>
        <test-case id="0-1007" name="AddDepartment" fullname="AutomationTests.EntryPoint.AddDepartment" methodname="AddDepartment" classname="AutomationTests.EntryPoint" runstate="Runnable" seed="1172023538" result="Passed" start-time="2020-02-10 20:49:32Z" end-time="2020-02-10 20:50:00Z" duration="27.607726" asserts="1">
          <properties>
            <property name="Order" value="7" />
          </properties>
        </test-case>
        <test-case id="0-1008" name="EditDepartment" fullname="AutomationTests.EntryPoint.EditDepartment" methodname="EditDepartment" classname="AutomationTests.EntryPoint" runstate="Runnable" seed="2073888530" result="Passed" start-time="2020-02-10 20:50:00Z" end-time="2020-02-10 20:50:28Z" duration="27.772229" asserts="1">
          <properties>
            <property name="Order" value="8" />
          </properties>
        </test-case>
        <test-case id="0-1009" name="DeleteDepartment" fullname="AutomationTests.EntryPoint.DeleteDepartment" methodname="DeleteDepartment" classname="AutomationTests.EntryPoint" runstate="Runnable" seed="2100944573" result="Passed" start-time="2020-02-10 20:50:28Z" end-time="2020-02-10 20:50:56Z" duration="28.002100" asserts="1">
          <properties>
            <property name="Order" value="9" />
          </properties>
        </test-case>
      </test-suite>
    </test-suite>
  </test-suite>
</test-run>